android/app/proguard-rules.pro
-keep class **.zego.** { *; }
-keep class com.facebook.** { *; }
-dontwarn com.facebook.**