build/app/outputs/mapping/release/seeds.txt
com.monie_estate.MainActivity
com.monie_estate.MainActivity: MainActivity()
...
io.flutter.embedding.engine.renderer.SurfaceTextureWrapper: void detachFromGLContext()
io.flutter.embedding.engine.FlutterJNI: void nativeNotifyLowMemoryWarning(long)
io.flutter.embedding.engine.FlutterJNI: void prefetchDefaultFontManager()
io.flutter.embedding.engine.FlutterOverlaySurface: android.view.Surface getSurface()
androidx.lifecycle.ReportFragment$LifecycleCallbacks: void onActivityPostCreated(android.app.Activity,android.os.Bundle)
io.flutter.view.AccessibilityBridge$Flag: io.flutter.view.AccessibilityBridge$Flag[] values()
androidx.fragment.app.SpecialEffectsController$Operation$LifecycleImpact: androidx.fragment.app.SpecialEffectsController$Operation$LifecycleImpact valueOf(java.lang.String)
io.flutter.plugin.editing.ImeSyncDeferringInsetsCallback: android.view.WindowInsets access$502(io.flutter.plugin.editing.ImeSyncDeferringInsetsCallback,android.view.WindowInsets)
io.flutter.embedding.engine.FlutterJNI: void unregisterTexture(long)
androidx.core.view.ViewCompat$Api21Impl: java.lang.String getTransitionName(android.view.View)
androidx.core.view.ViewGroupCompat$Api21Impl: void setTransitionGroup(android.view.ViewGroup,boolean)
io.flutter.embedding.engine.FlutterJNI: void onSurfaceChanged(int,int)
io.flutter.embedding.engine.renderer.FlutterRenderer$ImageReaderSurfaceProducer: void onTrimMemory(int)
io.flutter.embedding.engine.FlutterJNI: void requestDartDeferredLibrary(int)
io.flutter.view.AccessibilityViewEmbedder: android.view.accessibility.AccessibilityNodeInfo getRootNode(android.view.View,int,android.graphics.Rect)
com.google.android.gms.common.internal.safeparcel.AbstractSafeParcelable: AbstractSafeParcelable()
io.flutter.view.TextureRegistry$SurfaceProducer: int getHeight()
androidx.core.app.NotificationCompat$CallStyle$Api21Impl: android.app.Notification$Builder addPerson(android.app.Notification$Builder,java.lang.String)
io.flutter.embedding.engine.FlutterJNI: void updateSemantics(java.nio.ByteBuffer,java.lang.String[],java.nio.ByteBuffer[])
androidx.core.view.ViewCompat$Api21Impl: boolean isImportantForAccessibility(android.view.View)
io.flutter.embedding.engine.FlutterJNI: void dispatchPointerDataPacket(java.nio.ByteBuffer,int)
androidx.window.area.reflectionguard.WindowAreaComponentApi3Requirements: android.util.DisplayMetrics getRearDisplayMetrics()
androidx.window.core.VerificationMode: androidx.window.core.VerificationMode[] values()
io.flutter.embedding.engine.renderer.FlutterRenderer$ImageReaderSurfaceProducer: FlutterRenderer$ImageReaderSurfaceProducer(io.flutter.embedding.engine.renderer.FlutterRenderer,long)
androidx.core.app.NotificationCompatBuilder$Api21Impl: android.app.Notification$Builder setVisibility(android.app.Notification$Builder,int)
io.flutter.embedding.engine.FlutterJNI: void setLocalizationPlugin(io.flutter.plugin.localization.LocalizationPlugin)
io.flutter.embedding.engine.FlutterJNI: void removeEngineLifecycleListener(io.flutter.embedding.engine.FlutterEngine$EngineLifecycleListener)
io.flutter.embedding.engine.FlutterJNI: boolean isCodePointEmojiModifier(int)
io.flutter.embedding.engine.FlutterJNI: boolean getIsSoftwareRenderingEnabled()
androidx.core.app.NotificationCompatBuilder$Api20Impl: android.app.Notification$Builder setLocalOnly(android.app.Notification$Builder,boolean)
io.flutter.embedding.engine.renderer.FlutterRenderer$ImageReaderSurfaceProducer: void disableFenceForTest()
io.flutter.embedding.engine.renderer.SurfaceTextureWrapper: void release()
io.flutter.embedding.engine.renderer.FlutterRenderer$ImageReaderSurfaceProducer: io.flutter.embedding.engine.renderer.FlutterRenderer$ImageReaderSurfaceProducer$PerImageReader getActiveReader()
androidx.core.app.NotificationCompatBuilder$Api21Impl: android.app.Notification$Builder setSound(android.app.Notification$Builder,android.net.Uri,java.lang.Object)
androidx.core.app.NotificationCompatBuilder$Api26Impl: android.app.Notification$Builder setColorized(android.app.Notification$Builder,boolean)