build/app/outputs/mapping/release/mapping.txt
# compiler: R8
# compiler_version: 3.1.66
# min_api: 21
# pg_map_id: bcb20cb
# common_typos_disable
# {"id":"com.android.tools.r8.mapping","version":"1.0"}
...
androidx.window.layout.SafeWindowLayoutComponentProvider$isMethodWindowLayoutInfoListenerJavaConsumerValid$1 -> z.e$b:
    androidx.window.layout.SafeWindowLayoutComponentProvider this$0 -> f
    java.lang.Boolean invoke() -> a
    java.lang.Object invoke() -> d
androidx.window.layout.SafeWindowLayoutComponentProvider$isMethodWindowLayoutInfoListenerWindowConsumerValid$1 -> z.e$c:
    androidx.window.layout.SafeWindowLayoutComponentProvider this$0 -> f
    java.lang.Boolean invoke() -> a
    java.lang.Object invoke() -> d
androidx.window.layout.SafeWindowLayoutComponentProvider$isWindowLayoutProviderValid$1 -> z.e$d:
    androidx.window.layout.SafeWindowLayoutComponentProvider this$0 -> f
    java.lang.Boolean invoke() -> a
    java.lang.Object invoke() -> d
androidx.window.layout.WindowInfoTracker -> z.f:
    androidx.window.layout.WindowInfoTracker$Companion Companion -> a
    kotlinx.coroutines.flow.Flow windowLayoutInfo(android.app.Activity) -> a
androidx.window.layout.WindowInfoTracker$Companion -> z.f$a:
    androidx.window.layout.WindowInfoTrackerDecorator decorator -> e
    kotlin.Lazy extensionBackend$delegate -> d
    androidx.window.layout.WindowInfoTracker$Companion $$INSTANCE -> a
    java.lang.String TAG -> c
    boolean DEBUG -> b
    boolean access$getDEBUG$p() -> a
    java.lang.String access$getTAG$p() -> b
    androidx.window.layout.adapter.WindowBackend getExtensionBackend$window_release() -> c
    androidx.window.layout.WindowInfoTracker getOrCreate(android.content.Context) -> d
androidx.window.layout.WindowInfoTracker$Companion$extensionBackend$2 -> z.f$a$a:
    androidx.window.layout.WindowInfoTracker$Companion$extensionBackend$2 INSTANCE -> f
    androidx.window.layout.adapter.WindowBackend invoke() -> a
    java.lang.Object invoke() -> d
androidx.window.layout.WindowInfoTrackerDecorator -> z.g:
    androidx.window.layout.WindowInfoTracker decorate(androidx.window.layout.WindowInfoTracker) -> a
androidx.window.layout.WindowInfoTrackerImpl -> z.i:
    androidx.window.layout.adapter.WindowBackend windowBackend -> c
    androidx.window.layout.WindowMetricsCalculator windowMetricsCalculator -> b
    kotlinx.coroutines.flow.Flow windowLayoutInfo(android.app.Activity) -> a
    androidx.window.layout.adapter.WindowBackend access$getWindowBackend$p(androidx.window.layout.WindowInfoTrackerImpl) -> b
androidx.window.layout.WindowInfoTrackerImpl$windowLayoutInfo$2 -> z.i$a:
    java.lang.Object L$0 -> j
    androidx.window.layout.WindowInfoTrackerImpl this$0 -> k
    int label -> i
    android.app.Activity $activity -> l
    kotlin.coroutines.Continuation create(java.lang.Object,kotlin.coroutines.Continuation) -> a
    java.lang.Object invokeSuspend(java.lang.Object) -> g
    java.lang.Object invoke(java.lang.Object,java.lang.Object) -> i
    void $r8$lambda$ZtyEPDD_2v4gDwMCwKS3X4pa0JY(kotlinx.coroutines.channels.ProducerScope,androidx.window.layout.WindowLayoutInfo) -> n
      # {"id":"com.android.tools.r8.synthesized"}
    java.lang.Object invoke(kotlinx.coroutines.channels.ProducerScope,kotlin.coroutines.Continuation) -> o
    void invokeSuspend$lambda$0(kotlinx.coroutines.channels.ProducerScope,androidx.window.layout.WindowLayoutInfo) -> p
androidx.window.layout.WindowInfoTrackerImpl$windowLayoutInfo$2$2 -> z.i$a$a:
    androidx.window.layout.WindowInfoTrackerImpl this$0 -> f
    androidx.core.util.Consumer $listener -> g
    void invoke() -> a
    java.lang.Object invoke() -> d
androidx.window.layout.WindowLayoutInfo -> z.j:
    java.util.List displayFeatures -> a
    java.util.List getDisplayFeatures() -> a
androidx.window.layout.WindowMetrics -> z.k:
    androidx.core.view.WindowInsetsCompat _windowInsetsCompat -> b
    androidx.window.core.Bounds _bounds -> a
    android.graphics.Rect getBounds() -> a