build/app/outputs/mapping/release/usage.txt
com.monie_estate.BuildConfig
com.monie_estate.R$anim
com.monie_estate.R$animator
com.monie_estate.R$attr
com.monie_estate.R$color
com.monie_estate.R$dimen
com.monie_estate.R$drawable
com.monie_estate.R$id
com.monie_estate.R$integer
com.monie_estate.R$layout
com.monie_estate.R$mipmap
com.monie_estate.R$string
com.monie_estate.R$style
com.monie_estate.R$styleable
com.monie_estate.R
...
kotlin.collections.unsigned.UArraysKt___UArraysJvmKt
kotlin.collections.unsigned.UArraysKt___UArraysKt$withIndex$1
kotlin.collections.unsigned.UArraysKt___UArraysKt$withIndex$2
kotlin.collections.unsigned.UArraysKt___UArraysKt$withIndex$3
kotlin.collections.unsigned.UArraysKt___UArraysKt$withIndex$4
kotlin.collections.unsigned.UArraysKt___UArraysKt
kotlin.comparisons.ComparisonsKt
kotlin.comparisons.ComparisonsKt__ComparisonsKt$compareBy$2
kotlin.comparisons.ComparisonsKt__ComparisonsKt$compareBy$3
kotlin.comparisons.ComparisonsKt__ComparisonsKt$compareByDescending$1
kotlin.comparisons.ComparisonsKt__ComparisonsKt$compareByDescending$2
kotlin.comparisons.ComparisonsKt__ComparisonsKt$thenBy$1
kotlin.comparisons.ComparisonsKt__ComparisonsKt$thenBy$2
kotlin.comparisons.ComparisonsKt__ComparisonsKt$thenByDescending$1
kotlin.comparisons.ComparisonsKt__ComparisonsKt$thenByDescending$2
kotlin.comparisons.ComparisonsKt__ComparisonsKt$thenComparator$1
kotlin.comparisons.ComparisonsKt__ComparisonsKt
kotlin.comparisons.ComparisonsKt___ComparisonsJvmKt
kotlin.comparisons.ComparisonsKt___ComparisonsKt
kotlin.comparisons.NaturalOrderComparator
kotlin.comparisons.ReverseOrderComparator
kotlin.comparisons.ReversedComparator
kotlin.comparisons.UComparisonsKt
kotlin.comparisons.UComparisonsKt___UComparisonsKt
kotlin.concurrent.LocksKt
kotlin.concurrent.ThreadsKt$thread$thread$1
kotlin.concurrent.ThreadsKt
kotlin.concurrent.TimersKt$timerTask$1
kotlin.concurrent.TimersKt
kotlin.concurrent.VolatileKt
kotlin.contracts.CallsInPlace
kotlin.contracts.ConditionalEffect
kotlin.contracts.ContractBuilder$DefaultImpls
kotlin.contracts.ContractBuilder
kotlin.contracts.ContractBuilderKt
kotlin.contracts.Effect
kotlin.contracts.ExperimentalContracts
kotlin.contracts.InvocationKind
kotlin.contracts.Returns
kotlin.contracts.ReturnsNotNull
kotlin.contracts.SimpleEffect
kotlin.coroutines.CombinedContext$Serialized$Companion
kotlin.coroutines.CombinedContext$Serialized
kotlin.coroutines.CombinedContext$writeReplace$1
kotlin.coroutines.CombinedContext:
    private final java.lang.Object writeReplace()
kotlin.coroutines.ContinuationInterceptor$DefaultImpls:
    public static java.lang.Object fold(kotlin.coroutines.ContinuationInterceptor,java.lang.Object,kotlin.jvm.functions.Function2)
    public static kotlin.coroutines.CoroutineContext plus(kotlin.coroutines.ContinuationInterceptor,kotlin.coroutines.CoroutineContext)
    public static void releaseInterceptedContinuation(kotlin.coroutines.ContinuationInterceptor,kotlin.coroutines.Continuation)
kotlin.coroutines.ContinuationInterceptor:
    public abstract kotlin.coroutines.CoroutineContext$Element get(kotlin.coroutines.CoroutineContext$Key)
    public abstract kotlin.coroutines.CoroutineContext minusKey(kotlin.coroutines.CoroutineContext$Key)
kotlin.coroutines.ContinuationKt$Continuation$1
kotlin.coroutines.ContinuationKt:
    private static final kotlin.coroutines.Continuation Continuation(kotlin.coroutines.CoroutineContext,kotlin.jvm.functions.Function1)
    public static final kotlin.coroutines.Continuation createCoroutine(kotlin.jvm.functions.Function1,kotlin.coroutines.Continuation)
    public static final kotlin.coroutines.Continuation createCoroutine(kotlin.jvm.functions.Function2,java.lang.Object,kotlin.coroutines.Continuation)
    private static final kotlin.coroutines.CoroutineContext getCoroutineContext()
    public static synthetic void getCoroutineContext$annotations()
    private static final void resume(kotlin.coroutines.Continuation,java.lang.Object)
    private static final void resumeWithException(kotlin.coroutines.Continuation,java.lang.Throwable)
    public static final void startCoroutine(kotlin.jvm.functions.Function1,kotlin.coroutines.Continuation)
    private static final java.lang.Object suspendCoroutine(kotlin.jvm.functions.Function1,kotlin.coroutines.Continuation)